<?xml version="1.0" encoding="UTF-8"?>
<testng-results ignored="0" total="1" passed="1" failed="0" skipped="0">
  <reporter-output>
  </reporter-output>
  <suite started-at="2022-12-05T11:54:44 CAT" name="Default suite" finished-at="2022-12-05T11:54:44 CAT" duration-ms="87">
    <groups>
    </groups>
    <test started-at="2022-12-05T11:54:44 CAT" name="Default test" finished-at="2022-12-05T11:54:44 CAT" duration-ms="87">
      <class name="meme.generator.backend.model.MemeTest">
        <test-method signature="constructorShouldSetAllValue()[pri:0, instance:meme.generator.backend.model.MemeTest@41fbdac4]" started-at="2022-12-05T11:54:44 CAT" name="constructorShouldSetAllValue" finished-at="2022-12-05T11:54:44 CAT" duration-ms="21" status="PASS">
          <reporter-output>
          </reporter-output>
        </test-method> <!-- constructorShouldSetAllValue -->
      </class> <!-- meme.generator.backend.model.MemeTest -->
    </test> <!-- Default test -->
  </suite> <!-- Default suite -->
</testng-results>
